[2025-10-20 12:22:41] [32minfo[39m : Server is listening on http://localhost:3000
[2025-10-20 12:22:50] [32minfo[39m : Server is listening on http://localhost:3000
[2025-10-20 12:24:00] [32minfo[39m : Server is listening on http://localhost:3000
[2025-10-20 12:25:52] [32minfo[39m : Server is listening on http://localhost:3000
[2025-10-20 12:25:57] [32minfo[39m : [GET /categories] 6 rekordot küldött válaszként
[2025-10-20 12:26:07] [32minfo[39m : [GET /categories] 6 rekordot küldött válaszként
[2025-10-20 12:26:11] [32minfo[39m : [GET /categories] 6 rekordot küldött válaszként
[2025-10-20 12:26:12] [32minfo[39m : [GET /categories] 6 rekordot küldött válaszként
[2025-10-20 12:26:25] [32minfo[39m : Server is listening on http://localhost:3000
[2025-10-20 12:29:27] [32minfo[39m : Server is listening on http://localhost:3000
[2025-10-20 12:29:28] [32minfo[39m : Server is listening on http://localhost:3000
[2025-10-20 12:29:32] [32minfo[39m : Server is listening on http://localhost:3000
[2025-10-21 10:59:31] [32minfo[39m : Server is listening on http://localhost:3000
[2025-10-21 11:00:23] [32minfo[39m : Server is listening on http://localhost:3000
[2025-10-21 11:00:30] [32minfo[39m : Server is listening on http://localhost:3000
[2025-10-21 11:00:40] [32minfo[39m : Server is listening on http://localhost:3000
[2025-10-21 11:01:01] [32minfo[39m : Server is listening on http://localhost:3000
[2025-10-21 11:01:26] [32minfo[39m : Server is listening on http://localhost:3000
[2025-10-21 11:01:39] [32minfo[39m : Server is listening on http://localhost:3000
[2025-10-21 11:01:45] [32minfo[39m : Server is listening on http://localhost:3000
[2025-10-21 11:02:30] [32minfo[39m : Server is listening on http://localhost:3000
[2025-10-21 11:03:17] [32minfo[39m : Server is listening on http://localhost:3000
[2025-10-21 11:03:37] [32minfo[39m : Server is listening on http://localhost:3000
[2025-10-21 11:04:54] [32minfo[39m : Server is listening on http://localhost:3000
[2025-10-21 11:05:53] [32minfo[39m : Server is listening on http://localhost:3000
[2025-10-21 11:06:08] [32minfo[39m : Server is listening on http://localhost:3000
[2025-10-21 11:07:36] [32minfo[39m : Server is listening on http://localhost:3000
[2025-10-21 11:07:40] [32minfo[39m : Server is listening on http://localhost:3000
[2025-10-21 11:09:08] [32minfo[39m : Server is listening on http://localhost:3000
[2025-10-21 11:13:51] [32minfo[39m : Server is listening on http://localhost:3000
[2025-10-21 11:14:35] [32minfo[39m : Server is listening on http://localhost:3000
[2025-10-21 11:14:40] [32minfo[39m : Server is listening on http://localhost:3000
[2025-10-21 11:15:36] [32minfo[39m : Server is listening on http://localhost:3000
[2025-10-21 11:16:20] [32minfo[39m : Server is listening on http://localhost:3000
[2025-10-21 11:16:31] [32minfo[39m : Server is listening on http://localhost:3000
[2025-10-21 11:17:25] [32minfo[39m : Server is listening on http://localhost:3000
[2025-10-21 11:17:36] [32minfo[39m : Server is listening on http://localhost:3000
[2025-10-21 11:17:42] [32minfo[39m : Server is listening on http://localhost:3000
[2025-10-21 11:17:56] [32minfo[39m : Server is listening on http://localhost:3000
[2025-10-21 11:20:16] [32minfo[39m : Server is listening on http://localhost:3000
[2025-10-21 11:21:02] [32minfo[39m : Server is listening on http://localhost:3000
[2025-10-21 11:24:20] [32minfo[39m : Server is listening on http://localhost:3000
[2025-10-21 11:24:34] [32minfo[39m : 9 record(s) affected
[2025-10-21 11:25:04] [32minfo[39m : Server is listening on http://localhost:3000
[2025-10-21 11:25:07] [32minfo[39m : Server is listening on http://localhost:3000
[2025-10-21 11:25:37] [32minfo[39m : Server is listening on http://localhost:3000
[2025-10-21 11:25:41] [32minfo[39m : 14 record(s) affected
[2025-10-21 11:26:00] [32minfo[39m : Server is listening on http://localhost:3000
[2025-10-21 11:26:03] [32minfo[39m : Server is listening on http://localhost:3000
[2025-10-21 11:26:09] [32minfo[39m : Server is listening on http://localhost:3000
[2025-10-21 11:26:13] [32minfo[39m : Server is listening on http://localhost:3000
[2025-10-21 11:26:18] [32minfo[39m : Server is listening on http://localhost:3000
[2025-10-21 11:26:21] [32minfo[39m : Server is listening on http://localhost:3000
[2025-10-21 11:26:25] [32minfo[39m : Server is listening on http://localhost:3000
[2025-10-21 11:26:35] [32minfo[39m : Server is listening on http://localhost:3000
[2025-10-21 11:26:39] [32minfo[39m : Server is listening on http://localhost:3000
[2025-10-21 11:26:42] [32minfo[39m : Server is listening on http://localhost:3000
[2025-10-21 11:26:48] [32minfo[39m : Server is listening on http://localhost:3000
[2025-10-21 11:26:55] [32minfo[39m : Server is listening on http://localhost:3000
[2025-10-21 11:26:58] [32minfo[39m : Server is listening on http://localhost:3000
[2025-10-21 11:27:01] [32minfo[39m : Server is listening on http://localhost:3000
[2025-10-21 11:27:04] [32minfo[39m : Server is listening on http://localhost:3000
[2025-10-21 11:27:07] [32minfo[39m : Server is listening on http://localhost:3000
[2025-10-21 11:27:10] [32minfo[39m : Server is listening on http://localhost:3000
[2025-10-21 11:27:15] [32minfo[39m : Server is listening on http://localhost:3000
[2025-10-21 11:27:28] [32minfo[39m : Server is listening on http://localhost:3000
[2025-10-21 11:27:30] [32minfo[39m : Server is listening on http://localhost:3000
[2025-10-21 11:27:39] [32minfo[39m : Server is listening on http://localhost:3000
[2025-10-21 11:27:42] [32minfo[39m : Server is listening on http://localhost:3000
[2025-10-21 11:27:47] [32minfo[39m : Server is listening on http://localhost:3000
[2025-10-21 11:27:49] [32minfo[39m : Server is listening on http://localhost:3000
[2025-10-21 11:28:11] [32minfo[39m : 9 record(s) affected
[2025-10-21 11:28:13] [32minfo[39m : 1 record(s) affected
[2025-10-21 11:29:24] [32minfo[39m : Server is listening on http://localhost:3000
[2025-10-21 11:30:02] [32minfo[39m : Server is listening on http://localhost:3000
[2025-10-21 11:30:12] [32minfo[39m : Server is listening on http://localhost:3000
[2025-10-21 11:31:03] [32minfo[39m : Server is listening on http://localhost:3000
[2025-10-21 11:31:14] [32minfo[39m : Server is listening on http://localhost:3000
[2025-10-21 11:31:19] [32minfo[39m : Server is listening on http://localhost:3000
[2025-10-21 11:32:05] [32minfo[39m : Server is listening on http://localhost:3000
[2025-10-21 11:32:09] [32minfo[39m : Server is listening on http://localhost:3000
[2025-10-21 11:32:21] [32minfo[39m : Server is listening on http://localhost:3000
[2025-10-21 11:32:29] [32minfo[39m : Server is listening on http://localhost:3000
[2025-10-21 11:32:47] [32minfo[39m : Server is listening on http://localhost:3000
[2025-10-21 11:34:11] [32minfo[39m : Server is listening on http://localhost:3000
[2025-10-21 11:34:26] [32minfo[39m : Server is listening on http://localhost:3000
[2025-10-21 11:34:46] [32minfo[39m : GET undefined - 9 record(s) affected
[2025-10-21 11:35:11] [32minfo[39m : Server is listening on http://localhost:3000
[2025-10-21 11:35:14] [32minfo[39m : Server is listening on http://localhost:3000
[2025-10-21 11:35:18] [32minfo[39m : GET /categories - 9 record(s) affected
[2025-10-21 11:50:51] [32minfo[39m : Server is listening on http://localhost:3000
[2025-10-21 11:51:48] [32minfo[39m : Server is listening on http://localhost:3000
[2025-10-21 11:51:57] [32minfo[39m : Server is listening on http://localhost:3000
[2025-10-21 11:52:01] [32minfo[39m : GET /categories - 9 record(s) sent
[2025-10-21 11:52:45] [32minfo[39m : Server is listening on http://localhost:3000
[2025-10-21 11:52:48] [32minfo[39m : Server is listening on http://localhost:3000
[2025-10-21 11:53:02] [32minfo[39m : Server is listening on http://localhost:3000
[2025-10-21 11:53:19] [32minfo[39m : Server is listening on http://localhost:3000
[2025-10-21 11:53:30] [32minfo[39m : Server is listening on http://localhost:3000
[2025-10-21 11:53:32] [32minfo[39m : Server is listening on http://localhost:3000
[2025-10-21 11:53:34] [32minfo[39m : Server is listening on http://localhost:3000
[2025-10-21 11:53:42] [32minfo[39m : Server is listening on http://localhost:3000
[2025-10-21 11:53:44] [32minfo[39m : Server is listening on http://localhost:3000
[2025-10-21 11:53:48] [32minfo[39m : Server is listening on http://localhost:3000
[2025-10-21 11:53:54] [32minfo[39m : Server is listening on http://localhost:3000
[2025-10-21 11:53:58] [32minfo[39m : Server is listening on http://localhost:3000
[2025-10-21 11:54:01] [32minfo[39m : Server is listening on http://localhost:3000
[2025-10-21 11:54:05] [32minfo[39m : Server is listening on http://localhost:3000
[2025-10-21 11:54:06] [32minfo[39m : Server is listening on http://localhost:3000
[2025-10-21 11:54:11] [32minfo[39m : Server is listening on http://localhost:3000
[2025-10-21 11:54:16] [32minfo[39m : Server is listening on http://localhost:3000
[2025-10-21 11:54:21] [32minfo[39m : Server is listening on http://localhost:3000
[2025-10-21 11:54:23] [32minfo[39m : Server is listening on http://localhost:3000
[2025-10-21 11:54:26] [32minfo[39m : Server is listening on http://localhost:3000
[2025-10-21 11:54:29] [32minfo[39m : Server is listening on http://localhost:3000
[2025-10-21 11:57:25] [32minfo[39m : GET /categories - 9 record(s) sent
[2025-10-21 12:02:27] [32minfo[39m : Server is listening on http://localhost:3000
[2025-10-21 12:02:34] [32minfo[39m : Server is listening on http://localhost:3000
[2025-10-21 12:02:37] [32minfo[39m : Server is listening on http://localhost:3000
[2025-10-21 12:02:40] [32minfo[39m : Server is listening on http://localhost:3000
[2025-10-21 12:02:43] [32minfo[39m : GET /categories - 9 record(s) sent
[2025-10-21 12:02:48] [32minfo[39m : GET /categories - 9 record(s) sent
[2025-10-21 12:02:51] [32minfo[39m : Server is listening on http://localhost:3000
[2025-10-21 12:03:02] [32minfo[39m : Server is listening on http://localhost:3000
[2025-10-21 12:03:04] [32minfo[39m : GET /categories - 9 record(s) sent
[2025-10-21 12:08:06] [32minfo[39m : Server is listening on http://localhost:3000
[2025-10-21 12:16:59] [32minfo[39m : Server is listening on http://localhost:3000
